<?xml version="1.0" encoding="UTF-8"?>
<!-- Generated by org.testng.reporters.JUnitReportReporter -->
<testsuite skipped="0" hostname="HP-HP" name="com.amazon.qa.setup.NewTest" tests="1" failures="0" timestamp="23 Jun 2018 16:37:49 GMT" time="7.952" errors="0">
  <testcase name="f" time="7.952" classname="com.amazon.qa.setup.NewTest"/>
</testsuite> <!-- com.amazon.qa.setup.NewTest -->
