<?xml version="1.0" encoding="UTF-8"?>
<!-- Generated by org.testng.reporters.JUnitReportReporter -->
<testsuite skipped="0" hostname="HP-HP" name="com.amazon.qa.testcases.Login_Test" tests="1" failures="0" timestamp="19 Aug 2018 07:35:59 GMT" time="26.150" errors="0">
  <testcase name="Loginto_Amazone_test" time="26.150" classname="com.amazon.qa.testcases.Login_Test"/>
</testsuite> <!-- com.amazon.qa.testcases.Login_Test -->
