<?xml version="1.0" encoding="UTF-8"?>
<!-- Generated by org.testng.reporters.JUnitReportReporter -->
<testsuite skipped="0" hostname="HP-HP" name="com.amazon.qa.testbase.BaseSetup" tests="1" failures="0" timestamp="30 Jun 2018 18:05:27 GMT" time="21.401" errors="0">
  <testcase name="initDriver" time="21.401" classname="com.amazon.qa.testbase.BaseSetup"/>
</testsuite> <!-- com.amazon.qa.testbase.BaseSetup -->
